0 info it worked if it ends with ok
1 verbose cli [ 'C:\\Program Files\\nodejs\\node.exe',
1 verbose cli   'C:\\Users\\admin\\AppData\\Roaming\\npm\\node_modules\\npm\\bin\\npm-cli.js',
1 verbose cli   'run',
1 verbose cli   'json:server' ]
2 info using npm@4.0.5
3 info using node@v8.1.3
4 verbose run-script [ 'prejson:server', 'json:server', 'postjson:server' ]
5 info lifecycle api@1.0.0~prejson:server: api@1.0.0
6 silly lifecycle api@1.0.0~prejson:server: no script for prejson:server, continuing
7 info lifecycle api@1.0.0~json:server: api@1.0.0
8 verbose lifecycle api@1.0.0~json:server: unsafe-perm in lifecycle true
9 verbose lifecycle api@1.0.0~json:server: PATH: C:\Users\admin\AppData\Roaming\npm\node_modules\npm\bin\node-gyp-bin;C:\Users\admin\Documents\_Projects\API_request_test\node_modules\.bin;C:\Program Files\Docker\Docker\Resources\bin;C:\ProgramData\Oracle\Java\javapath;C:\_Java\jdk1.8\bin;C:\Program Files (x86)\NVIDIA Corporation\PhysX\Common;C:\Program Files (x86)\Intel\iCLS Client\;C:\Program Files\Intel\iCLS Client\;C:\WINDOWS\system32;C:\WINDOWS;C:\WINDOWS\System32\Wbem;C:\WINDOWS\System32\WindowsPowerShell\v1.0\;C:\Program Files\Intel\Intel(R) Management Engine Components\DAL;C:\Program Files\Intel\Intel(R) Management Engine Components\IPT;C:\Program Files (x86)\Intel\Intel(R) Management Engine Components\DAL;C:\Program Files (x86)\Intel\Intel(R) Management Engine Components\IPT;C:\Program Files\MySQL\MySQL Server 5.7\bin;C:\Program Files\Git\cmd;C:\Users\admin\AppData\Local\Microsoft\WindowsApps;C:\Program Files (x86)\Microsoft VS Code\bin;C:\adb;%JAVA_HOME%\bin;C:\Users\admin\Documents\_Programming\_JSP\maven3\bin;C:\Program Files\Perforce\DVCS\;C:\Program Files\Perforce;C:\Program Files (x86)\Notepad++;C:\Program Files\nodejs\;C:\WINDOWS\system32\config\systemprofile\AppData\Roaming\Python\Scripts;C:\WINDOWS\system32\config\systemprofile\AppData\Local\Programs\Python\Python36\Scripts;C:\WINDOWS\system32\config\systemprofile\AppData\Roaming\Python\Python36\Scripts;C:\Program Files\Amazon\AWSCLI;C:\Program Files\OpenSSH\bin;C:\Ruby24-x64\bin;C:\Users\admin\AppData\Local\Programs\Python\Python36\Scripts\;C:\Users\admin\AppData\Local\Programs\Python\Python36\;C:\Users\admin\AppData\Local\Microsoft\WindowsApps;C:\Program Files (x86)\Microsoft VS Code\bin;C:\Users\admin\AppData\Roaming\npm;C:\Program Files\Heroku\bin;C:\Users\admin\AppData\Local\Android\sdk\platform-tools;C:\Program Files\MongoDB\Server\3.4\bin;C:\Users\admin\AppData\Local\.meteor\;C:\Users\admin\AppData\Local\GitHubDesktop\bin
10 verbose lifecycle api@1.0.0~json:server: CWD: C:\Users\admin\Documents\_Projects\API_request_test
11 silly lifecycle api@1.0.0~json:server: Args: [ '/d /s /c', 'json-server --watch db.json' ]
12 silly lifecycle api@1.0.0~json:server: Returned: code: 3221225786  signal: null
13 info lifecycle api@1.0.0~json:server: Failed to exec json:server script
14 verbose stack Error: api@1.0.0 json:server: `json-server --watch db.json`
14 verbose stack Exit status 3221225786
14 verbose stack     at EventEmitter.<anonymous> (C:\Users\admin\AppData\Roaming\npm\node_modules\npm\lib\utils\lifecycle.js:279:16)
14 verbose stack     at emitTwo (events.js:125:13)
14 verbose stack     at EventEmitter.emit (events.js:213:7)
14 verbose stack     at ChildProcess.<anonymous> (C:\Users\admin\AppData\Roaming\npm\node_modules\npm\lib\utils\spawn.js:40:14)
14 verbose stack     at emitTwo (events.js:125:13)
14 verbose stack     at ChildProcess.emit (events.js:213:7)
14 verbose stack     at maybeClose (internal/child_process.js:897:16)
14 verbose stack     at Process.ChildProcess._handle.onexit (internal/child_process.js:208:5)
15 verbose pkgid api@1.0.0
16 verbose cwd C:\Users\admin\Documents\_Projects\API_request_test
17 error Windows_NT 10.0.14393
18 error argv "C:\\Program Files\\nodejs\\node.exe" "C:\\Users\\admin\\AppData\\Roaming\\npm\\node_modules\\npm\\bin\\npm-cli.js" "run" "json:server"
19 error node v8.1.3
20 error npm  v4.0.5
21 error code ELIFECYCLE
22 error api@1.0.0 json:server: `json-server --watch db.json`
22 error Exit status 3221225786
23 error Failed at the api@1.0.0 json:server script 'json-server --watch db.json'.
23 error Make sure you have the latest version of node.js and npm installed.
23 error If you do, this is most likely a problem with the api package,
23 error not with npm itself.
23 error Tell the author that this fails on your system:
23 error     json-server --watch db.json
23 error You can get information on how to open an issue for this project with:
23 error     npm bugs api
23 error Or if that isn't available, you can get their info via:
23 error     npm owner ls api
23 error There is likely additional logging output above.
24 verbose exit [ 1, true ]
